 
****************************************
Report : area
Design : system
Version: X-2025.06-SP1
Date   : Sat Nov 22 11:19:10 2025
****************************************

Library(s) Used:

    saed14hvt_tt0p8v25c (File: /share/synopsys/libs/SAED14nm_PDK/lib/stdcell_hvt/db_nldm/saed14hvt_tt0p8v25c.db)
    saed14rvt_tt0p8v25c (File: /share/synopsys/libs/SAED14nm_PDK/lib/stdcell_rvt/db_nldm/saed14rvt_tt0p8v25c.db)
    saed14lvt_tt0p8v25c (File: /share/synopsys/libs/SAED14nm_PDK/lib/stdcell_lvt/db_nldm/saed14lvt_tt0p8v25c.db)
    saed14sram_tt0p8v25c (File: /share/synopsys/libs/SAED14nm_PDK/lib/sram/logic_synth/single/saed14sram_tt0p8v25c.db)
    saed14io_fc_tt0p8v25c_1p8v (File: /share/synopsys/libs/SAED14nm_PDK/lib/io_std/db_nldm/saed14io_fc_tt0p8v25c_1p8v.db)

Number of ports:                        21336
Number of nets:                         67025
Number of cells:                        50379
Number of combinational cells:          41773
Number of sequential cells:              8298
Number of macros/black boxes:              25
Number of buf/inv:                       7936
Number of references:                      17

Combinational area:              12718.157919
Buf/Inv area:                     1651.724398
Noncombinational area:           12609.049924
Macro/Black Box area:            66715.881348
Net Interconnect area:           66038.182039

Total cell area:                 92043.089191
Total area:                     158081.271230

Hierarchical area distribution
------------------------------

                                  Global cell area              Local cell area
                                  -------------------  ---------------------------------- 
Hierarchical cell                 Absolute    Percent  Combi-      Noncombi-   Black-
                                  Total       Total    national    national    boxes       Design
--------------------------------  ----------  -------  ----------  ----------  ----------  --------------------------------------------------------
system                            92043.0892    100.0      0.7992      0.0000      0.0000  system
u_amber0                          27797.0720     30.2     19.2696      0.0000      0.0000  a25_core_1
u_amber0/u_coprocessor              274.3476      0.3    123.1656    151.1820      0.0000  a25_coprocessor_1
u_amber0/u_decode                   940.4364      1.0    528.0936    408.2136      0.0000  a25_decode_1
u_amber0/u_decode/add_x_491           3.7296      0.0      3.7296      0.0000      0.0000  a25_decode_0_DW01_add_J2_0_1
u_amber0/u_decode/gt_x_33             0.3996      0.0      0.3996      0.0000      0.0000  a25_decode_0_DW_cmp_J2_7_1
u_amber0/u_execute                 4010.1192      4.4    499.1892    201.6648      0.0000  a25_execute_1
u_amber0/u_execute/add_x_10          19.1808      0.0     19.1808      0.0000      0.0000  a25_execute_0_DW01_add_J4_2_1
u_amber0/u_execute/add_x_11          24.2424      0.0     24.2424      0.0000      0.0000  a25_execute_0_DW01_add_J4_1_1
u_amber0/u_execute/add_x_12          21.7116      0.0     21.7116      0.0000      0.0000  a25_execute_0_DW01_add_J4_0_1
u_amber0/u_execute/add_x_8           15.4956      0.0     15.4956      0.0000      0.0000  a25_execute_0_DW01_add_J4_3_1
u_amber0/u_execute/sub_x_9           18.6924      0.0     18.6924      0.0000      0.0000  a25_execute_0_DW01_sub_J4_0_1
u_amber0/u_execute/u_alu            214.1412      0.2    119.0364      0.0000      0.0000  a25_alu_1
u_amber0/u_execute/u_alu/add_x_7     29.0820      0.0     29.0820      0.0000      0.0000  a25_alu_0_DW01_add_J18_1_1
u_amber0/u_execute/u_alu/add_x_8     66.0228      0.1     66.0228      0.0000      0.0000  a25_alu_0_DW01_add_J18_0_1
u_amber0/u_execute/u_barrel_shift   323.0988      0.4    323.0988      0.0000      0.0000  a25_barrel_shift_1
u_amber0/u_execute/u_multiply       297.7908      0.3     98.1684     66.8664      0.0000  a25_multiply_1
u_amber0/u_execute/u_multiply/add_x_1    24.9528     0.0    24.9528     0.0000     0.0000  a25_multiply_0_DW01_inc_J23_1_1
u_amber0/u_execute/u_multiply/add_x_3    66.2448     0.1    66.2448     0.0000     0.0000  a25_multiply_0_DW01_add_J23_1_1
u_amber0/u_execute/u_multiply/add_x_4    38.4504     0.0    38.4504     0.0000     0.0000  a25_multiply_0_DW01_add_J23_0_1
u_amber0/u_execute/u_multiply/add_x_6     3.1080     0.0     3.1080     0.0000     0.0000  a25_multiply_0_DW01_inc_J23_0_1
u_amber0/u_execute/u_register_bank  2374.9116     2.6   1608.8784    766.0332      0.0000  a25_register_bank_1
u_amber0/u_fetch                  11021.7934     12.0     45.0660      0.9324      0.0000  a25_fetch_1
u_amber0/u_fetch/lt_x_1               2.4864      0.0      2.4864      0.0000      0.0000  a25_fetch_0_DW_cmp_J11_2_1
u_amber0/u_fetch/lt_x_2               3.0192      0.0      3.0192      0.0000      0.0000  a25_fetch_0_DW_cmp_J11_1_1
u_amber0/u_fetch/lt_x_3               2.4864      0.0      2.4864      0.0000      0.0000  a25_fetch_0_DW_cmp_J11_0_1
u_amber0/u_fetch/u_cache          10967.8030     11.9     97.2360    109.3128  10674.5410  a25_icache_1
u_amber0/u_fetch/u_cache/add_x_3      5.1060      0.0      5.1060      0.0000      0.0000  a25_icache_0_DW01_inc_J15_0_1
u_amber0/u_fetch/u_cache/eq_x_21     17.6268      0.0     17.6268      0.0000      0.0000  a25_icache_0_DW_cmp_J15_4_1
u_amber0/u_fetch/u_cache/eq_x_26     11.5440      0.0     11.5440      0.0000      0.0000  a25_icache_0_DW_cmp_J15_3_1
u_amber0/u_fetch/u_cache/eq_x_27     11.5884      0.0     11.5884      0.0000      0.0000  a25_icache_0_DW_cmp_J15_2_1
u_amber0/u_fetch/u_cache/eq_x_28     11.5440      0.0     11.5440      0.0000      0.0000  a25_icache_0_DW_cmp_J15_1_1
u_amber0/u_fetch/u_cache/eq_x_29     11.5884      0.0     11.5884      0.0000      0.0000  a25_icache_0_DW_cmp_J15_0_1
u_amber0/u_fetch/u_cache/ne_x_17     17.7156      0.0     17.7156      0.0000      0.0000  a25_icache_0_DW_cmp_J15_5_1
u_amber0/u_mem                    11123.4694     12.1     99.0564     44.4000      0.0000  a25_mem_1
u_amber0/u_mem/lt_x_1                 4.2180      0.0      4.2180      0.0000      0.0000  a25_mem_1_DW_cmp_J13_2
u_amber0/u_mem/lt_x_2                 4.1736      0.0      4.1736      0.0000      0.0000  a25_mem_1_DW_cmp_J13_1
u_amber0/u_mem/lt_x_3                 4.2180      0.0      4.2180      0.0000      0.0000  a25_mem_1_DW_cmp_J13_0
u_amber0/u_mem/u_dcache           10967.4034     11.9    116.8608     89.0664  10674.5410  a25_dcache_1
u_amber0/u_mem/u_dcache/add_x_3       5.1060      0.0      5.1060      0.0000      0.0000  a25_dcache_1_DW01_inc_J16_0
u_amber0/u_mem/u_dcache/eq_x_24      17.0496      0.0     17.0496      0.0000      0.0000  a25_dcache_1_DW_cmp_J16_5
u_amber0/u_mem/u_dcache/eq_x_28      18.5592      0.0     18.5592      0.0000      0.0000  a25_dcache_1_DW_cmp_J16_4
u_amber0/u_mem/u_dcache/eq_x_37      11.5884      0.0     11.5884      0.0000      0.0000  a25_dcache_1_DW_cmp_J16_3
u_amber0/u_mem/u_dcache/eq_x_38      11.5440      0.0     11.5440      0.0000      0.0000  a25_dcache_1_DW_cmp_J16_2
u_amber0/u_mem/u_dcache/eq_x_39      11.5440      0.0     11.5440      0.0000      0.0000  a25_dcache_1_DW_cmp_J16_1
u_amber0/u_mem/u_dcache/eq_x_40      11.5440      0.0     11.5440      0.0000      0.0000  a25_dcache_1_DW_cmp_J16_0
u_amber0/u_wishbone                 344.0112      0.4    179.0208    164.9904      0.0000  a25_wishbone_1
u_amber0/u_write_back                63.6252      0.1     22.5996     41.0256      0.0000  a25_write_back_1
u_amber1                          27790.8116     30.2     19.2696      0.0000      0.0000  a25_core_0
u_amber1/u_coprocessor              275.1912      0.3    123.6096    151.5816      0.0000  a25_coprocessor_0
u_amber1/u_decode                   943.1448      1.0    531.9120    407.1036      0.0000  a25_decode_0
u_amber1/u_decode/add_x_491           3.7296      0.0      3.7296      0.0000      0.0000  a25_decode_0_DW01_add_J2_0_0
u_amber1/u_decode/gt_x_33             0.3996      0.0      0.3996      0.0000      0.0000  a25_decode_0_DW_cmp_J2_7_0
u_amber1/u_execute                 3999.8184      4.3    498.3456    201.2208      0.0000  a25_execute_0
u_amber1/u_execute/add_x_10          19.1808      0.0     19.1808      0.0000      0.0000  a25_execute_0_DW01_add_J4_2_0
u_amber1/u_execute/add_x_11          24.9972      0.0     24.9972      0.0000      0.0000  a25_execute_0_DW01_add_J4_1_0
u_amber1/u_execute/add_x_12          20.6016      0.0     20.6016      0.0000      0.0000  a25_execute_0_DW01_add_J4_0_0
u_amber1/u_execute/add_x_8           15.4068      0.0     15.4068      0.0000      0.0000  a25_execute_0_DW01_add_J4_3_0
u_amber1/u_execute/sub_x_9           18.8256      0.0     18.8256      0.0000      0.0000  a25_execute_0_DW01_sub_J4_0_0
u_amber1/u_execute/u_alu            205.8384      0.2    122.9436      0.0000      0.0000  a25_alu_0
u_amber1/u_execute/u_alu/add_x_7     27.9276      0.0     27.9276      0.0000      0.0000  a25_alu_0_DW01_add_J18_1_0
u_amber1/u_execute/u_alu/add_x_8     54.9672      0.1     54.9672      0.0000      0.0000  a25_alu_0_DW01_add_J18_0_0
u_amber1/u_execute/u_barrel_shift   324.9636      0.4    324.9636      0.0000      0.0000  a25_barrel_shift_0
u_amber1/u_execute/u_multiply       301.3428      0.3     98.6124     66.9108      0.0000  a25_multiply_0
u_amber1/u_execute/u_multiply/add_x_1    23.6208     0.0    23.6208     0.0000     0.0000  a25_multiply_0_DW01_inc_J23_1_0
u_amber1/u_execute/u_multiply/add_x_3    64.3800     0.1    64.3800     0.0000     0.0000  a25_multiply_0_DW01_add_J23_1_0
u_amber1/u_execute/u_multiply/add_x_4    44.7108     0.0    44.7108     0.0000     0.0000  a25_multiply_0_DW01_add_J23_0_0
u_amber1/u_execute/u_multiply/add_x_6     3.1080     0.0     3.1080     0.0000     0.0000  a25_multiply_0_DW01_inc_J23_0_0
u_amber1/u_execute/u_register_bank  2369.0952     2.6   1603.3284    765.7668      0.0000  a25_register_bank_0
u_amber1/u_fetch                  11023.1254     12.0     46.7088      1.0212      0.0000  a25_fetch_0
u_amber1/u_fetch/lt_x_1               2.4864      0.0      2.4864      0.0000      0.0000  a25_fetch_0_DW_cmp_J11_2_0
u_amber1/u_fetch/lt_x_2               3.0192      0.0      3.0192      0.0000      0.0000  a25_fetch_0_DW_cmp_J11_1_0
u_amber1/u_fetch/lt_x_3               2.4864      0.0      2.4864      0.0000      0.0000  a25_fetch_0_DW_cmp_J11_0_0
u_amber1/u_fetch/u_cache          10967.4034     11.9     96.7032    109.4904  10674.5410  a25_icache_0
u_amber1/u_fetch/u_cache/add_x_3      5.1060      0.0      5.1060      0.0000      0.0000  a25_icache_0_DW01_inc_J15_0_0
u_amber1/u_fetch/u_cache/eq_x_21     17.6268      0.0     17.6268      0.0000      0.0000  a25_icache_0_DW_cmp_J15_4_0
u_amber1/u_fetch/u_cache/eq_x_26     11.5440      0.0     11.5440      0.0000      0.0000  a25_icache_0_DW_cmp_J15_3_0
u_amber1/u_fetch/u_cache/eq_x_27     11.5884      0.0     11.5884      0.0000      0.0000  a25_icache_0_DW_cmp_J15_2_0
u_amber1/u_fetch/u_cache/eq_x_28     11.5440      0.0     11.5440      0.0000      0.0000  a25_icache_0_DW_cmp_J15_1_0
u_amber1/u_fetch/u_cache/eq_x_29     11.5440      0.0     11.5440      0.0000      0.0000  a25_icache_0_DW_cmp_J15_0_0
u_amber1/u_fetch/u_cache/ne_x_17     17.7156      0.0     17.7156      0.0000      0.0000  a25_icache_0_DW_cmp_J15_5_0
u_amber1/u_mem                    11124.0910     12.1     98.4348     44.2668      0.0000  a25_mem_0
u_amber1/u_mem/lt_x_1                 4.2180      0.0      4.2180      0.0000      0.0000  a25_mem_0_DW_cmp_J19_2
u_amber1/u_mem/lt_x_2                 4.1736      0.0      4.1736      0.0000      0.0000  a25_mem_0_DW_cmp_J19_1
u_amber1/u_mem/lt_x_3                 4.2180      0.0      4.2180      0.0000      0.0000  a25_mem_0_DW_cmp_J19_0
u_amber1/u_mem/u_dcache           10968.7798     11.9    117.8820     89.0664  10674.5410  a25_dcache_0
u_amber1/u_mem/u_dcache/add_x_3       5.1060      0.0      5.1060      0.0000      0.0000  a25_dcache_0_DW01_inc_J20_0
u_amber1/u_mem/u_dcache/eq_x_24      17.0940      0.0     17.0940      0.0000      0.0000  a25_dcache_0_DW_cmp_J20_5
u_amber1/u_mem/u_dcache/eq_x_28      18.7812      0.0     18.7812      0.0000      0.0000  a25_dcache_0_DW_cmp_J20_4
u_amber1/u_mem/u_dcache/eq_x_37      11.5440      0.0     11.5440      0.0000      0.0000  a25_dcache_0_DW_cmp_J20_3
u_amber1/u_mem/u_dcache/eq_x_38      11.5884      0.0     11.5884      0.0000      0.0000  a25_dcache_0_DW_cmp_J20_2
u_amber1/u_mem/u_dcache/eq_x_39      11.6328      0.0     11.6328      0.0000      0.0000  a25_dcache_0_DW_cmp_J20_1
u_amber1/u_mem/u_dcache/eq_x_40      11.5440      0.0     11.5440      0.0000      0.0000  a25_dcache_0_DW_cmp_J20_0
u_amber1/u_wishbone                 342.4128      0.4    177.7332    164.6796      0.0000  a25_wishbone_0
u_amber1/u_write_back                63.7584      0.1     22.8216     40.9368      0.0000  a25_write_back_0
u_boot_mem_wrapper                21354.8096     23.2      0.0000      0.0000      0.0000  boot_mem_wrapper
u_boot_mem_wrapper/u_boot_mem     21354.8096     23.2      4.8840      0.8436  21349.0820  boot_mem
u_clocks_resets                       3.8628      0.0      2.0868      1.7760      0.0000  clocks_resets
u_eth_top                          7152.3249      7.8     28.9932     57.2760      0.0000  eth_top
u_eth_top/ethreg1                   595.9812      0.6    130.8024     22.3776      0.0000  eth_registers
u_eth_top/ethreg1/COLLCONF_0          9.5016      0.0      2.8416      6.6600      0.0000  eth_register_6_3f
u_eth_top/ethreg1/COLLCONF_2          6.3936      0.0      1.9536      4.4400      0.0000  eth_register_4_f
u_eth_top/ethreg1/CTRLMODER_0         4.7064      0.0      1.5096      3.1968      0.0000  eth_register_3_0
u_eth_top/ethreg1/INT_MASK_0         10.7448      0.0      3.2856      7.4592      0.0000  eth_register_7_00
u_eth_top/ethreg1/IPGR1_0            10.8336      0.0      3.2856      7.5480      0.0000  eth_register_7_0c
u_eth_top/ethreg1/IPGR2_0            10.8336      0.0      3.2856      7.5480      0.0000  eth_register_7_12_0
u_eth_top/ethreg1/IPGT_0             10.8336      0.0      3.2856      7.5480      0.0000  eth_register_7_12_1
u_eth_top/ethreg1/MAC_ADDR0_0        12.2544      0.0      3.7296      8.5248      0.0000  eth_register_8_00_15
u_eth_top/ethreg1/MAC_ADDR0_1        12.2544      0.0      3.7296      8.5248      0.0000  eth_register_8_00_14
u_eth_top/ethreg1/MAC_ADDR0_2        12.2544      0.0      3.7296      8.5248      0.0000  eth_register_8_00_13
u_eth_top/ethreg1/MAC_ADDR0_3        12.2544      0.0      3.7296      8.5248      0.0000  eth_register_8_00_12
u_eth_top/ethreg1/MAC_ADDR1_0        12.2544      0.0      3.7296      8.5248      0.0000  eth_register_8_00_11
u_eth_top/ethreg1/MAC_ADDR1_1        12.2544      0.0      3.7296      8.5248      0.0000  eth_register_8_00_10
u_eth_top/ethreg1/MIIADDRESS_0        7.7256      0.0      2.3976      5.3280      0.0000  eth_register_5_00_1
u_eth_top/ethreg1/MIIADDRESS_1        7.7256      0.0      2.3976      5.3280      0.0000  eth_register_5_00_0
u_eth_top/ethreg1/MIICOMMAND0         1.6872      0.0      0.6216      1.0656      0.0000  eth_register_WIDTH1_RESET_VALUE0_2
u_eth_top/ethreg1/MIICOMMAND1         1.8648      0.0      0.7992      1.0656      0.0000  eth_register_WIDTH1_RESET_VALUE0_1
u_eth_top/ethreg1/MIICOMMAND2         1.8648      0.0      0.7992      1.0656      0.0000  eth_register_WIDTH1_RESET_VALUE0_0
u_eth_top/ethreg1/MIIMODER_0         12.3876      0.0      3.7296      8.6580      0.0000  eth_register_8_64
u_eth_top/ethreg1/MIIMODER_1          1.6872      0.0      0.6216      1.0656      0.0000  eth_register_1_0_1
u_eth_top/ethreg1/MIIRX_DATA         25.0416      0.0      7.9920     17.0496      0.0000  eth_register_16_0000
u_eth_top/ethreg1/MIITX_DATA_0       12.2544      0.0      3.7296      8.5248      0.0000  eth_register_8_00_17
u_eth_top/ethreg1/MIITX_DATA_1       12.2544      0.0      3.7296      8.5248      0.0000  eth_register_8_00_16
u_eth_top/ethreg1/MODER_0            12.2544      0.0      3.7296      8.5248      0.0000  eth_register_8_00_20
u_eth_top/ethreg1/MODER_1            15.8064      0.0      6.2160      9.5904      0.0000  eth_register_8_a0
u_eth_top/ethreg1/MODER_2             1.6872      0.0      0.6216      1.0656      0.0000  eth_register_1_0_2
u_eth_top/ethreg1/PACKETLEN_0        12.2544      0.0      3.7296      8.5248      0.0000  eth_register_8_00_19
u_eth_top/ethreg1/PACKETLEN_1        12.3432      0.0      3.7296      8.6136      0.0000  eth_register_8_06
u_eth_top/ethreg1/PACKETLEN_2        12.2988      0.0      3.7296      8.5692      0.0000  eth_register_8_40_1
u_eth_top/ethreg1/PACKETLEN_3        12.2544      0.0      3.7296      8.5248      0.0000  eth_register_8_00_18
u_eth_top/ethreg1/RXHASH0_0          12.2544      0.0      3.7296      8.5248      0.0000  eth_register_8_00_9
u_eth_top/ethreg1/RXHASH0_1          12.2544      0.0      3.7296      8.5248      0.0000  eth_register_8_00_8
u_eth_top/ethreg1/RXHASH0_2          12.2544      0.0      3.7296      8.5248      0.0000  eth_register_8_00_7
u_eth_top/ethreg1/RXHASH0_3          12.2544      0.0      3.7296      8.5248      0.0000  eth_register_8_00_6
u_eth_top/ethreg1/RXHASH1_0          12.2544      0.0      3.7296      8.5248      0.0000  eth_register_8_00_5
u_eth_top/ethreg1/RXHASH1_1          12.2544      0.0      3.7296      8.5248      0.0000  eth_register_8_00_4
u_eth_top/ethreg1/RXHASH1_2          12.2544      0.0      3.7296      8.5248      0.0000  eth_register_8_00_3
u_eth_top/ethreg1/RXHASH1_3          12.2544      0.0      3.7296      8.5248      0.0000  eth_register_8_00_2
u_eth_top/ethreg1/TXCTRL_0           12.2544      0.0      3.7296      8.5248      0.0000  eth_register_8_00_1
u_eth_top/ethreg1/TXCTRL_1           12.2544      0.0      3.7296      8.5248      0.0000  eth_register_8_00_0
u_eth_top/ethreg1/TXCTRL_2            1.8648      0.0      0.7992      1.0656      0.0000  eth_register_1_0_0
u_eth_top/ethreg1/TX_BD_NUM_0        12.2988      0.0      3.7296      8.5692      0.0000  eth_register_8_40_0
u_eth_top/ethreg1/gt_x_5              1.1100      0.0      1.1100      0.0000      0.0000  eth_registers_DW_cmp_J9_0
u_eth_top/ethreg1/lte_x_1             4.2180      0.0      4.2180      0.0000      0.0000  eth_registers_DW_cmp_J9_1
u_eth_top/maccontrol1               281.4072      0.3      9.4572      5.3280      0.0000  eth_maccontrol
u_eth_top/maccontrol1/receivecontrol1   186.6576     0.2    65.2680    76.8564     0.0000  eth_receivecontrol
u_eth_top/maccontrol1/receivecontrol1/add_x_24     2.4420     0.0     2.4420     0.0000     0.0000 eth_receivecontrol_DW01_inc_J23_1
u_eth_top/maccontrol1/receivecontrol1/add_x_31     3.1080     0.0     3.1080     0.0000     0.0000 eth_receivecontrol_DW01_inc_J23_0
u_eth_top/maccontrol1/receivecontrol1/eq_x_1     4.5732     0.0     4.5732     0.0000     0.0000 eth_receivecontrol_DW_cmp_J23_5
u_eth_top/maccontrol1/receivecontrol1/eq_x_2     4.5732     0.0     4.5732     0.0000     0.0000 eth_receivecontrol_DW_cmp_J23_4
u_eth_top/maccontrol1/receivecontrol1/eq_x_3     4.5732     0.0     4.5732     0.0000     0.0000 eth_receivecontrol_DW_cmp_J23_3
u_eth_top/maccontrol1/receivecontrol1/eq_x_4     4.5732     0.0     4.5732     0.0000     0.0000 eth_receivecontrol_DW_cmp_J23_2
u_eth_top/maccontrol1/receivecontrol1/eq_x_5     4.5732     0.0     4.5732     0.0000     0.0000 eth_receivecontrol_DW_cmp_J23_1
u_eth_top/maccontrol1/receivecontrol1/eq_x_6     4.5732     0.0     4.5732     0.0000     0.0000 eth_receivecontrol_DW_cmp_J23_0
u_eth_top/maccontrol1/receivecontrol1/sub_x_27    11.5440     0.0    11.5440     0.0000     0.0000 eth_receivecontrol_DW01_dec_J23_0
u_eth_top/maccontrol1/transmitcontrol1    79.9644     0.1    46.9752    27.4392     0.0000 eth_transmitcontrol
u_eth_top/maccontrol1/transmitcontrol1/add_x_10     3.1080     0.0     3.1080     0.0000     0.0000 eth_transmitcontrol_DW01_inc_J9_0
u_eth_top/maccontrol1/transmitcontrol1/add_x_9     2.4420     0.0     2.4420     0.0000     0.0000 eth_transmitcontrol_DW01_add_J9_0
u_eth_top/macstatus1                 92.2188      0.1     14.0748     19.2252      0.0000  eth_macstatus
u_eth_top/macstatus1/eq_x_7           3.5076      0.0      3.5076      0.0000      0.0000  eth_macstatus_DW_cmp_J9_0
u_eth_top/macstatus1/gt_x_13         13.8528      0.0     13.8528      0.0000      0.0000  eth_macstatus_DW_cmp_J9_1
u_eth_top/macstatus1/gte_x_3         13.8528      0.0     13.8528      0.0000      0.0000  eth_macstatus_DW_cmp_J9_4
u_eth_top/macstatus1/lt_x_9          13.8528      0.0     13.8528      0.0000      0.0000  eth_macstatus_DW_cmp_J9_2
u_eth_top/macstatus1/lte_x_4         13.8528      0.0     13.8528      0.0000      0.0000  eth_macstatus_DW_cmp_J9_3
u_eth_top/miim1                     159.0408      0.2     23.7984     38.3616      0.0000  eth_miim
u_eth_top/miim1/add_x_9               3.7740      0.0      3.7740      0.0000      0.0000  eth_miim_DW01_inc_J18_0
u_eth_top/miim1/clkgen               27.0840      0.0      7.2372      9.6348      0.0000  eth_clockgen
u_eth_top/miim1/clkgen/sub_x_2        4.8840      0.0      4.8840      0.0000      0.0000  eth_clockgen_DW01_dec_J22_1
u_eth_top/miim1/clkgen/sub_x_3        5.3280      0.0      5.3280      0.0000      0.0000  eth_clockgen_DW01_dec_J22_0
u_eth_top/miim1/outctrl              13.8972      0.0      6.1716      6.5268      0.0000  eth_outputcontrol
u_eth_top/miim1/outctrl/gt_x_1        0.3108      0.0      0.3108      0.0000      0.0000  eth_outputcontrol_DW_cmp_J10_1
u_eth_top/miim1/outctrl/lt_x_2        0.8880      0.0      0.8880      0.0000      0.0000  eth_outputcontrol_DW_cmp_J10_0
u_eth_top/miim1/shftrg               52.1256      0.1     25.4856     26.6400      0.0000  eth_shiftreg
u_eth_top/rxethmac1                 291.7524      0.3     17.0052     41.6916      0.0000  eth_rxethmac
u_eth_top/rxethmac1/crcrx            62.5596      0.1     27.0396     35.5200      0.0000  eth_crc_0
u_eth_top/rxethmac1/rxaddrcheck1     62.9148      0.1     31.2132      4.2624      0.0000  eth_rxaddrcheck
u_eth_top/rxethmac1/rxaddrcheck1/eq_x_3     4.5732     0.0     4.5732     0.0000     0.0000 eth_rxaddrcheck_DW_cmp_J15_5
u_eth_top/rxethmac1/rxaddrcheck1/eq_x_4     4.5732     0.0     4.5732     0.0000     0.0000 eth_rxaddrcheck_DW_cmp_J15_4
u_eth_top/rxethmac1/rxaddrcheck1/eq_x_5     4.5732     0.0     4.5732     0.0000     0.0000 eth_rxaddrcheck_DW_cmp_J15_3
u_eth_top/rxethmac1/rxaddrcheck1/eq_x_6     4.5732     0.0     4.5732     0.0000     0.0000 eth_rxaddrcheck_DW_cmp_J15_2
u_eth_top/rxethmac1/rxaddrcheck1/eq_x_7     4.5732     0.0     4.5732     0.0000     0.0000 eth_rxaddrcheck_DW_cmp_J15_1
u_eth_top/rxethmac1/rxaddrcheck1/eq_x_8     4.5732     0.0     4.5732     0.0000     0.0000 eth_rxaddrcheck_DW_cmp_J15_0
u_eth_top/rxethmac1/rxcounters1      94.8384      0.1     32.7228     26.6400      0.0000  eth_rxcounters
u_eth_top/rxethmac1/rxcounters1/add_x_1     9.7680     0.0     9.7680     0.0000     0.0000 eth_rxcounters_DW01_inc_J10_1
u_eth_top/rxethmac1/rxcounters1/add_x_4     9.6348     0.0     9.6348     0.0000     0.0000 eth_rxcounters_DW01_add_J10_0
u_eth_top/rxethmac1/rxcounters1/add_x_8     2.4420     0.0     2.4420     0.0000     0.0000 eth_rxcounters_DW01_inc_J10_0
u_eth_top/rxethmac1/rxcounters1/eq_x_7     9.1908     0.0     9.1908     0.0000     0.0000 eth_rxcounters_DW_cmp_J10_0
u_eth_top/rxethmac1/rxcounters1/gt_x_5     2.2644     0.0     2.2644     0.0000     0.0000 eth_rxcounters_DW_cmp_J10_2
u_eth_top/rxethmac1/rxcounters1/lt_x_6     2.1756     0.0     2.1756     0.0000     0.0000 eth_rxcounters_DW_cmp_J10_1
u_eth_top/rxethmac1/rxstatem1        12.7428      0.0      6.3048      6.4380      0.0000  eth_rxstatem
u_eth_top/txethmac1                 333.5328      0.4     27.0396     21.3564      0.0000  eth_txethmac
u_eth_top/txethmac1/eq_x_2            3.5076      0.0      3.5076      0.0000      0.0000  eth_txethmac_DW_cmp_J17_0
u_eth_top/txethmac1/random1          40.5372      0.0     13.4976     21.3120      0.0000  eth_random
u_eth_top/txethmac1/random1/eq_x_19     5.7276     0.0     5.7276      0.0000      0.0000  eth_random_DW_cmp_J16_9
u_eth_top/txethmac1/txcounters1     137.8176      0.1     33.6996     37.2960      0.0000  eth_txcounters
u_eth_top/txethmac1/txcounters1/add_x_1     9.7680     0.0     9.7680     0.0000     0.0000 eth_txcounters_DW01_inc_J11_1
u_eth_top/txethmac1/txcounters1/add_x_7     9.7680     0.0     9.7680     0.0000     0.0000 eth_txcounters_DW01_inc_J11_0
u_eth_top/txethmac1/txcounters1/eq_x_10     9.1908     0.0     9.1908     0.0000     0.0000 eth_txcounters_DW_cmp_J11_0
u_eth_top/txethmac1/txcounters1/gte_x_6    14.2968     0.0    14.2968     0.0000     0.0000 eth_txcounters_DW_cmp_J11_1
u_eth_top/txethmac1/txcounters1/sub_x_4    10.9224     0.0    10.9224     0.0000     0.0000 eth_txcounters_DW01_sub_J11_0
u_eth_top/txethmac1/txcounters1/sub_x_5    12.8760     0.0    12.8760     0.0000     0.0000 eth_txcounters_DW01_dec_J11_0
u_eth_top/txethmac1/txcrc            57.1872      0.1     21.6672     35.5200      0.0000  eth_crc_1
u_eth_top/txethmac1/txstatem1        46.0872      0.1     14.5632     12.8316      0.0000  eth_txstatem
u_eth_top/txethmac1/txstatem1/gte_x_1     4.9284     0.0     4.9284     0.0000     0.0000  eth_txstatem_DW_cmp_J17_3
u_eth_top/txethmac1/txstatem1/gte_x_2     4.9284     0.0     4.9284     0.0000     0.0000  eth_txstatem_DW_cmp_J17_2
u_eth_top/txethmac1/txstatem1/lte_x_3     4.9284     0.0     4.9284     0.0000     0.0000  eth_txstatem_DW_cmp_J17_1
u_eth_top/txethmac1/txstatem1/ne_x_4     3.9072     0.0     3.9072     0.0000      0.0000  eth_txstatem_DW_cmp_J17_0
u_eth_top/wishbone                 5312.1224      5.8    397.3356    479.9640      0.0000  eth_wishbone
u_eth_top/wishbone/add_x_118          3.7740      0.0      3.7740      0.0000      0.0000  eth_wishbone_DW01_inc_J3_2
u_eth_top/wishbone/add_x_119          3.7740      0.0      3.7740      0.0000      0.0000  eth_wishbone_DW01_inc_J3_1
u_eth_top/wishbone/add_x_156         19.0920      0.0     19.0920      0.0000      0.0000  eth_wishbone_DW01_inc_J3_0
u_eth_top/wishbone/add_x_27          19.0920      0.0     19.0920      0.0000      0.0000  eth_wishbone_DW01_inc_J3_5
u_eth_top/wishbone/add_x_37          19.0920      0.0     19.0920      0.0000      0.0000  eth_wishbone_DW01_inc_J3_4
u_eth_top/wishbone/add_x_39          19.0920      0.0     19.0920      0.0000      0.0000  eth_wishbone_DW01_inc_J3_3
u_eth_top/wishbone/bd_ram          2669.4345      2.9      0.7992      0.0000   2668.6353  eth_spram_256x32
u_eth_top/wishbone/gt_x_13            2.0868      0.0      2.0868      0.0000      0.0000  eth_wishbone_DW_cmp_J3_6
u_eth_top/wishbone/gt_x_182           0.7104      0.0      0.7104      0.0000      0.0000  eth_wishbone_DW_cmp_J3_0
u_eth_top/wishbone/gt_x_41            2.3532      0.0      2.3532      0.0000      0.0000  eth_wishbone_DW_cmp_J3_3
u_eth_top/wishbone/gt_x_43            2.3532      0.0      2.3532      0.0000      0.0000  eth_wishbone_DW_cmp_J3_1
u_eth_top/wishbone/lt_x_40            0.2664      0.0      0.2664      0.0000      0.0000  eth_wishbone_DW_cmp_J3_4
u_eth_top/wishbone/lt_x_42            0.2664      0.0      0.2664      0.0000      0.0000  eth_wishbone_DW_cmp_J3_2
u_eth_top/wishbone/lte_x_34           2.1756      0.0      2.1756      0.0000      0.0000  eth_wishbone_DW_cmp_J3_5
u_eth_top/wishbone/rx_fifo          813.5412      0.9    332.5560    475.6128      0.0000  eth_fifo_DATA_WIDTH32_DEPTH16_CNT_WIDTH5_0
u_eth_top/wishbone/rx_fifo/add_x_2     2.4420     0.0      2.4420      0.0000      0.0000  eth_fifo_DATA_WIDTH32_DEPTH16_CNT_WIDTH5_0_DW01_inc_J7_0
u_eth_top/wishbone/rx_fifo/sub_x_1     2.9304     0.0      2.9304      0.0000      0.0000  eth_fifo_DATA_WIDTH32_DEPTH16_CNT_WIDTH5_0_DW01_dec_J7_0
u_eth_top/wishbone/sub_x_20           9.9900      0.0      9.9900      0.0000      0.0000  eth_wishbone_DW01_sub_J3_2
u_eth_top/wishbone/sub_x_21          11.2776      0.0     11.2776      0.0000      0.0000  eth_wishbone_DW01_sub_J3_1
u_eth_top/wishbone/sub_x_22          10.7004      0.0     10.7004      0.0000      0.0000  eth_wishbone_DW01_sub_J3_0
u_eth_top/wishbone/sub_x_23          11.5440      0.0     11.5440      0.0000      0.0000  eth_wishbone_DW01_dec_J3_0
u_eth_top/wishbone/tx_fifo          814.2072      0.9    333.2220    475.6128      0.0000  eth_fifo_DATA_WIDTH32_DEPTH16_CNT_WIDTH5_1
u_eth_top/wishbone/tx_fifo/add_x_2     2.4420     0.0      2.4420      0.0000      0.0000  eth_fifo_DATA_WIDTH32_DEPTH16_CNT_WIDTH5_1_DW01_inc_J6_0
u_eth_top/wishbone/tx_fifo/sub_x_1     2.9304     0.0      2.9304      0.0000      0.0000  eth_fifo_DATA_WIDTH32_DEPTH16_CNT_WIDTH5_1_DW01_dec_J6_0
u_interrupt_controller0             290.3316      0.3    144.8328    145.4988      0.0000  interrupt_controller_1
u_interrupt_controller1             290.3316      0.3    144.8328    145.4988      0.0000  interrupt_controller_0
u_iobuf                            5000.4884      5.4      0.4884   5000.0000      0.0000  generic_iobuf
u_test_module                       161.0832      0.2     66.6888     83.7384      0.0000  test_module
u_test_module/sub_x_4                 5.3280      0.0      5.3280      0.0000      0.0000  test_module_DW01_dec_J22_1
u_test_module/sub_x_8                 5.3280      0.0      5.3280      0.0000      0.0000  test_module_DW01_dec_J22_0
u_timer_module                      467.7984      0.5    201.0432    134.8872      0.0000  timer_module
u_timer_module/sub_x_1               11.5440      0.0     11.5440      0.0000      0.0000  timer_module_DW01_sub_J21_5
u_timer_module/sub_x_2               14.6520      0.0     14.6520      0.0000      0.0000  timer_module_DW01_sub_J21_4
u_timer_module/sub_x_3               17.7600      0.0     17.7600      0.0000      0.0000  timer_module_DW01_dec_J21_2
u_timer_module/sub_x_4               11.5440      0.0     11.5440      0.0000      0.0000  timer_module_DW01_sub_J21_3
u_timer_module/sub_x_5               14.6520      0.0     14.6520      0.0000      0.0000  timer_module_DW01_sub_J21_2
u_timer_module/sub_x_6               17.7600      0.0     17.7600      0.0000      0.0000  timer_module_DW01_dec_J21_1
u_timer_module/sub_x_7               11.5440      0.0     11.5440      0.0000      0.0000  timer_module_DW01_sub_J21_1
u_timer_module/sub_x_8               14.6520      0.0     14.6520      0.0000      0.0000  timer_module_DW01_sub_J21_0
u_timer_module/sub_x_9               17.7600      0.0     17.7600      0.0000      0.0000  timer_module_DW01_dec_J21_0
u_uart0                             724.2084      0.8    300.5880    370.1628      0.0000  uart_1
u_uart0/add_x_1                       2.4420      0.0      2.4420      0.0000      0.0000  uart_0_DW01_inc_J5_8_1
u_uart0/add_x_2                       2.4420      0.0      2.4420      0.0000      0.0000  uart_0_DW01_inc_J5_7_1
u_uart0/add_x_3                       2.4420      0.0      2.4420      0.0000      0.0000  uart_0_DW01_inc_J5_6_1
u_uart0/add_x_30                      2.4420      0.0      2.4420      0.0000      0.0000  uart_0_DW01_inc_J5_4_1
u_uart0/add_x_31                      2.4420      0.0      2.4420      0.0000      0.0000  uart_0_DW01_inc_J5_3_1
u_uart0/add_x_32                      2.4420      0.0      2.4420      0.0000      0.0000  uart_0_DW01_inc_J5_2_1
u_uart0/add_x_47                      5.7720      0.0      5.7720      0.0000      0.0000  uart_0_DW01_inc_J5_1_1
u_uart0/add_x_53                      5.7720      0.0      5.7720      0.0000      0.0000  uart_0_DW01_inc_J5_0_1
u_uart0/add_x_7                      15.0960      0.0     15.0960      0.0000      0.0000  uart_0_DW01_inc_J5_5_1
u_uart0/eq_x_5                        2.8416      0.0      2.8416      0.0000      0.0000  uart_0_DW_cmp_J5_1_1
u_uart0/eq_x_6                        2.8416      0.0      2.8416      0.0000      0.0000  uart_0_DW_cmp_J5_0_1
u_uart0/lte_x_28                      0.6216      0.0      0.6216      0.0000      0.0000  uart_0_DW_cmp_J5_2_1
u_uart0/sub_x_33                      2.9304      0.0      2.9304      0.0000      0.0000  uart_0_DW01_dec_J5_0_1
u_uart0/sub_x_4                       2.9304      0.0      2.9304      0.0000      0.0000  uart_0_DW01_dec_J5_1_1
u_uart1                             724.4748      0.8    300.8544    370.1628      0.0000  uart_0
u_uart1/add_x_1                       2.4420      0.0      2.4420      0.0000      0.0000  uart_0_DW01_inc_J5_8_0
u_uart1/add_x_2                       2.4420      0.0      2.4420      0.0000      0.0000  uart_0_DW01_inc_J5_7_0
u_uart1/add_x_3                       2.4420      0.0      2.4420      0.0000      0.0000  uart_0_DW01_inc_J5_6_0
u_uart1/add_x_30                      2.4420      0.0      2.4420      0.0000      0.0000  uart_0_DW01_inc_J5_4_0
u_uart1/add_x_31                      2.4420      0.0      2.4420      0.0000      0.0000  uart_0_DW01_inc_J5_3_0
u_uart1/add_x_32                      2.4420      0.0      2.4420      0.0000      0.0000  uart_0_DW01_inc_J5_2_0
u_uart1/add_x_47                      5.7720      0.0      5.7720      0.0000      0.0000  uart_0_DW01_inc_J5_1_0
u_uart1/add_x_53                      5.7720      0.0      5.7720      0.0000      0.0000  uart_0_DW01_inc_J5_0_0
u_uart1/add_x_7                      15.0960      0.0     15.0960      0.0000      0.0000  uart_0_DW01_inc_J5_5_0
u_uart1/eq_x_5                        2.8416      0.0      2.8416      0.0000      0.0000  uart_0_DW_cmp_J5_1_0
u_uart1/eq_x_6                        2.8416      0.0      2.8416      0.0000      0.0000  uart_0_DW_cmp_J5_0_0
u_uart1/lte_x_28                      0.6216      0.0      0.6216      0.0000      0.0000  uart_0_DW_cmp_J5_2_0
u_uart1/sub_x_33                      2.9304      0.0      2.9304      0.0000      0.0000  uart_0_DW01_dec_J5_0_0
u_uart1/sub_x_4                       2.9304      0.0      2.9304      0.0000      0.0000  uart_0_DW01_dec_J5_1_0
u_wb_rr_arb2                         66.6000      0.1     63.8916      2.7084      0.0000  wb_rr_arb2
u_wishbone_arbiter                  218.0928      0.2    202.6860      2.7972      0.0000  wishbone_arbiter
u_wishbone_arbiter/lt_x_3             4.2180      0.0      4.2180      0.0000      0.0000  wishbone_arbiter_DW_cmp_J19_2
u_wishbone_arbiter/lt_x_4             4.1736      0.0      4.1736      0.0000      0.0000  wishbone_arbiter_DW_cmp_J19_1
u_wishbone_arbiter/lt_x_5             4.2180      0.0      4.2180      0.0000      0.0000  wishbone_arbiter_DW_cmp_J19_0
--------------------------------  ----------  -------  ----------  ----------  ----------  --------------------------------------------------------
Total                                                  12718.1579  12609.0499  66715.8813

1
